Arguments: 
  C:\Program Files\nodejs\node.exe C:\Users\jaywest\AppData\Roaming\npm\node_modules\yarn\bin\yarn.js add cors

PATH: 
  C:\Users\jaywest\bin;C:\Program Files\Git\mingw64\bin;C:\Program Files\Git\usr\local\bin;C:\Program Files\Git\usr\bin;C:\Program Files\Git\usr\bin;C:\Program Files\Git\mingw64\bin;C:\Program Files\Git\usr\bin;C:\Users\jaywest\bin;C:\Windows\system32;C:\Windows;C:\Windows\System32\Wbem;C:\Windows\System32\WindowsPowerShell\v1.0;C:\Windows\System32\OpenSSH;C:\Program Files\nodejs;C:\Program Files\Git\cmd;C:\ProgramData\chocolatey\bin;C:\Program Files\GitHub CLI;C:\Users\jaywest\AppData\Local\Yarn\bin;C:\Users\jaywest\AppData\Local\pnpm;C:\Users\jaywest\AppData\Local\Microsoft\WindowsApps;C:\Users\jaywest\AppData\Local\Programs\Microsoft VS Code\bin;C:\Users\jaywest\AppData\Roaming\npm;C:\Users\jaywest\AppData\Local\Android\Sdk\platform-tools;C:\Program Files\Git\usr\bin\vendor_perl;C:\Program Files\Git\usr\bin\core_perl

Yarn version: 
  1.22.19

Node version: 
  16.14.0

Platform: 
  win32 x64

Trace: 
  Error: connect ETIMEDOUT 104.16.25.35:443
      at TCPConnectWrap.afterConnect [as oncomplete] (node:net:1157:16)

npm manifest: 
  {
      "name": "server",
      "version": "1.0.0",
      "description": "",
      "main": "index.js",
      "type": "module",
      "scripts": {
          "start": "nodemon .",
          "test": "echo \"Error: no test specified\" && exit 1"
      },
      "keywords": [],
      "author": "",
      "license": "ISC",
      "dependencies": {
          "bcryptjs": "^2.4.3",
          "chalk": "^5.0.1",
          "cookie-parser": "^1.4.6",
          "dotenv": "^16.0.1",
          "express": "^4.18.1",
          "jsonwebtoken": "^8.5.1",
          "mongoose": "^6.4.4"
      },
      "devDependencies": {
          "nodemon": "^2.0.19"
      }
  }

yarn manifest: 
  No manifest

Lockfile: 
  No lockfile
